Release 12.4 Map M.81d (nt)
Xilinx Mapping Report File for Design 'top'

Design Information
------------------
Command Line   : map -intstyle ise -p xc3s200-ft256-4 -cm area -ir off -pr off
-c 100 -o top_map.ncd top.ngd top.pcf 
Target Device  : xc3s200
Target Package : ft256
Target Speed   : -4
Mapper Version : spartan3 -- $Revision: 1.52.76.2 $
Mapped Date    : Thu Jun 18 15:43:32 2015

Design Summary
--------------
Number of errors:      0
Number of warnings:    2
Logic Utilization:
  Total Number Slice Registers:       1,248 out of   3,840   32%
    Number used as Flip Flops:        1,243
    Number used as Latches:               5
  Number of 4 input LUTs:             2,284 out of   3,840   59%
Logic Distribution:
  Number of occupied Slices:          1,705 out of   1,920   88%
    Number of Slices containing only related logic:   1,705 out of   1,705 100%
    Number of Slices containing unrelated logic:          0 out of   1,705   0%
      *See NOTES below for an explanation of the effects of unrelated logic.
  Total Number of 4 input LUTs:       2,346 out of   3,840   61%
    Number used as logic:             2,028
    Number used as a route-thru:         62
    Number used for 32x1 RAMs:          256
      (Two LUTs used per 32x1 RAM)

  The Slice Logic Distribution report is not meaningful if the design is
  over-mapped for a non-slice resource or if Placement fails.

  Number of bonded IOBs:                 32 out of     173   18%
  Number of BUFGMUXs:                     2 out of       8   25%

Average Fanout of Non-Clock Nets:                3.93

Peak Memory Usage:  180 MB
Total REAL time to MAP completion:  3 secs 
Total CPU time to MAP completion:   3 secs 

NOTES:

   Related logic is defined as being logic that shares connectivity - e.g. two
   LUTs are "related" if they share common inputs.  When assembling slices,
   Map gives priority to combine logic that is related.  Doing so results in
   the best timing performance.

   Unrelated logic shares no connectivity.  Map will only begin packing
   unrelated logic into a slice once 99% of the slices are occupied through
   related logic packing.

   Note that once logic distribution reaches the 99% level through related
   logic packing, this does not mean the device is completely utilized.
   Unrelated logic packing will then begin, continuing until all usable LUTs
   and FFs are occupied.  Depending on your timing budget, increased levels of
   unrelated logic packing may adversely affect the overall timing performance
   of your design.

Table of Contents
-----------------
Section 1 - Errors
Section 2 - Warnings
Section 3 - Informational
Section 4 - Removed Logic Summary
Section 5 - Removed Logic
Section 6 - IOB Properties
Section 7 - RPMs
Section 8 - Guide Report
Section 9 - Area Group and Partition Summary
Section 10 - Timing Report
Section 11 - Configuration String Information
Section 12 - Control Set Information
Section 13 - Utilization by Hierarchy

Section 1 - Errors
------------------

Section 2 - Warnings
--------------------
WARNING:PhysDesignRules:372 - Gated clock. Clock net A_Ctrl/ctrl_not0001 is
   sourced by a combinatorial pin. This is not good design practice. Use the CE
   pin to control the loading of data into the flip-flop.
WARNING:PhysDesignRules:372 - Gated clock. Clock net cycle_not0001 is sourced by
   a combinatorial pin. This is not good design practice. Use the CE pin to
   control the loading of data into the flip-flop.

Section 3 - Informational
-------------------------
INFO:LIT:243 - Logical network Memo/N1 has no load.
INFO:LIT:395 - The above info message is repeated 34 more times for the
   following (max. 5 shown):
   Memo/N0,
   Memo/BU2/qdpo<0>,
   Memo/BU2/U0/gen_sp_ram.spram_inst/qspo_int<31>,
   Memo/BU2/U0/gen_sp_ram.spram_inst/qspo_int<30>,
   Memo/BU2/U0/gen_sp_ram.spram_inst/qspo_int<29>
   To see the details of these info messages, please use the -detail switch.
INFO:MapLib:562 - No environment variables are currently set.
INFO:LIT:244 - All of the single ended outputs in this design are using slew
   rate limited output drivers. The delay on speed critical single ended outputs
   can be dramatically reduced by designating them as fast outputs.

Section 4 - Removed Logic Summary
---------------------------------
  35 block(s) removed
   2 block(s) optimized away
  35 signal(s) removed

Section 5 - Removed Logic
-------------------------

The trimmed logic report below shows the logic removed from your design due to
sourceless or loadless signals, and VCC or ground connections.  If the removal
of a signal or symbol results in the subsequent removal of an additional signal
or symbol, the message explaining that second removal will be indented.  This
indentation will be repeated as a chain of related logic is removed.

To quickly locate the original cause for the removal of a chain of logic, look
above the place where that logic is listed in the trimming report, then locate
the lines that are least indented (begin at the leftmost edge).

The signal "Memo/N1" is sourceless and has been removed.
The signal "Memo/N0" is sourceless and has been removed.
The signal "Memo/BU2/qdpo<0>" is sourceless and has been removed.
The signal "Memo/BU2/U0/gen_sp_ram.spram_inst/qspo_int<31>" is sourceless and
has been removed.
The signal "Memo/BU2/U0/gen_sp_ram.spram_inst/qspo_int<30>" is sourceless and
has been removed.
The signal "Memo/BU2/U0/gen_sp_ram.spram_inst/qspo_int<29>" is sourceless and
has been removed.
The signal "Memo/BU2/U0/gen_sp_ram.spram_inst/qspo_int<28>" is sourceless and
has been removed.
The signal "Memo/BU2/U0/gen_sp_ram.spram_inst/qspo_int<27>" is sourceless and
has been removed.
The signal "Memo/BU2/U0/gen_sp_ram.spram_inst/qspo_int<26>" is sourceless and
has been removed.
The signal "Memo/BU2/U0/gen_sp_ram.spram_inst/qspo_int<25>" is sourceless and
has been removed.
The signal "Memo/BU2/U0/gen_sp_ram.spram_inst/qspo_int<24>" is sourceless and
has been removed.
The signal "Memo/BU2/U0/gen_sp_ram.spram_inst/qspo_int<23>" is sourceless and
has been removed.
The signal "Memo/BU2/U0/gen_sp_ram.spram_inst/qspo_int<22>" is sourceless and
has been removed.
The signal "Memo/BU2/U0/gen_sp_ram.spram_inst/qspo_int<21>" is sourceless and
has been removed.
The signal "Memo/BU2/U0/gen_sp_ram.spram_inst/qspo_int<20>" is sourceless and
has been removed.
The signal "Memo/BU2/U0/gen_sp_ram.spram_inst/qspo_int<19>" is sourceless and
has been removed.
The signal "Memo/BU2/U0/gen_sp_ram.spram_inst/qspo_int<18>" is sourceless and
has been removed.
The signal "Memo/BU2/U0/gen_sp_ram.spram_inst/qspo_int<17>" is sourceless and
has been removed.
The signal "Memo/BU2/U0/gen_sp_ram.spram_inst/qspo_int<16>" is sourceless and
has been removed.
The signal "Memo/BU2/U0/gen_sp_ram.spram_inst/qspo_int<15>" is sourceless and
has been removed.
The signal "Memo/BU2/U0/gen_sp_ram.spram_inst/qspo_int<14>" is sourceless and
has been removed.
The signal "Memo/BU2/U0/gen_sp_ram.spram_inst/qspo_int<13>" is sourceless and
has been removed.
The signal "Memo/BU2/U0/gen_sp_ram.spram_inst/qspo_int<12>" is sourceless and
has been removed.
The signal "Memo/BU2/U0/gen_sp_ram.spram_inst/qspo_int<11>" is sourceless and
has been removed.
The signal "Memo/BU2/U0/gen_sp_ram.spram_inst/qspo_int<10>" is sourceless and
has been removed.
The signal "Memo/BU2/U0/gen_sp_ram.spram_inst/qspo_int<9>" is sourceless and has
been removed.
The signal "Memo/BU2/U0/gen_sp_ram.spram_inst/qspo_int<8>" is sourceless and has
been removed.
The signal "Memo/BU2/U0/gen_sp_ram.spram_inst/qspo_int<7>" is sourceless and has
been removed.
The signal "Memo/BU2/U0/gen_sp_ram.spram_inst/qspo_int<6>" is sourceless and has
been removed.
The signal "Memo/BU2/U0/gen_sp_ram.spram_inst/qspo_int<5>" is sourceless and has
been removed.
The signal "Memo/BU2/U0/gen_sp_ram.spram_inst/qspo_int<4>" is sourceless and has
been removed.
The signal "Memo/BU2/U0/gen_sp_ram.spram_inst/qspo_int<3>" is sourceless and has
been removed.
The signal "Memo/BU2/U0/gen_sp_ram.spram_inst/qspo_int<2>" is sourceless and has
been removed.
The signal "Memo/BU2/U0/gen_sp_ram.spram_inst/qspo_int<1>" is sourceless and has
been removed.
The signal "Memo/BU2/U0/gen_sp_ram.spram_inst/qspo_int<0>" is sourceless and has
been removed.
Unused block "Memo/BU2/U0/gen_sp_ram.spram_inst/qspo_int_0" (FF) removed.
Unused block "Memo/BU2/U0/gen_sp_ram.spram_inst/qspo_int_1" (FF) removed.
Unused block "Memo/BU2/U0/gen_sp_ram.spram_inst/qspo_int_10" (FF) removed.
Unused block "Memo/BU2/U0/gen_sp_ram.spram_inst/qspo_int_11" (FF) removed.
Unused block "Memo/BU2/U0/gen_sp_ram.spram_inst/qspo_int_12" (FF) removed.
Unused block "Memo/BU2/U0/gen_sp_ram.spram_inst/qspo_int_13" (FF) removed.
Unused block "Memo/BU2/U0/gen_sp_ram.spram_inst/qspo_int_14" (FF) removed.
Unused block "Memo/BU2/U0/gen_sp_ram.spram_inst/qspo_int_15" (FF) removed.
Unused block "Memo/BU2/U0/gen_sp_ram.spram_inst/qspo_int_16" (FF) removed.
Unused block "Memo/BU2/U0/gen_sp_ram.spram_inst/qspo_int_17" (FF) removed.
Unused block "Memo/BU2/U0/gen_sp_ram.spram_inst/qspo_int_18" (FF) removed.
Unused block "Memo/BU2/U0/gen_sp_ram.spram_inst/qspo_int_19" (FF) removed.
Unused block "Memo/BU2/U0/gen_sp_ram.spram_inst/qspo_int_2" (FF) removed.
Unused block "Memo/BU2/U0/gen_sp_ram.spram_inst/qspo_int_20" (FF) removed.
Unused block "Memo/BU2/U0/gen_sp_ram.spram_inst/qspo_int_21" (FF) removed.
Unused block "Memo/BU2/U0/gen_sp_ram.spram_inst/qspo_int_22" (FF) removed.
Unused block "Memo/BU2/U0/gen_sp_ram.spram_inst/qspo_int_23" (FF) removed.
Unused block "Memo/BU2/U0/gen_sp_ram.spram_inst/qspo_int_24" (FF) removed.
Unused block "Memo/BU2/U0/gen_sp_ram.spram_inst/qspo_int_25" (FF) removed.
Unused block "Memo/BU2/U0/gen_sp_ram.spram_inst/qspo_int_26" (FF) removed.
Unused block "Memo/BU2/U0/gen_sp_ram.spram_inst/qspo_int_27" (FF) removed.
Unused block "Memo/BU2/U0/gen_sp_ram.spram_inst/qspo_int_28" (FF) removed.
Unused block "Memo/BU2/U0/gen_sp_ram.spram_inst/qspo_int_29" (FF) removed.
Unused block "Memo/BU2/U0/gen_sp_ram.spram_inst/qspo_int_3" (FF) removed.
Unused block "Memo/BU2/U0/gen_sp_ram.spram_inst/qspo_int_30" (FF) removed.
Unused block "Memo/BU2/U0/gen_sp_ram.spram_inst/qspo_int_31" (FF) removed.
Unused block "Memo/BU2/U0/gen_sp_ram.spram_inst/qspo_int_4" (FF) removed.
Unused block "Memo/BU2/U0/gen_sp_ram.spram_inst/qspo_int_5" (FF) removed.
Unused block "Memo/BU2/U0/gen_sp_ram.spram_inst/qspo_int_6" (FF) removed.
Unused block "Memo/BU2/U0/gen_sp_ram.spram_inst/qspo_int_7" (FF) removed.
Unused block "Memo/BU2/U0/gen_sp_ram.spram_inst/qspo_int_8" (FF) removed.
Unused block "Memo/BU2/U0/gen_sp_ram.spram_inst/qspo_int_9" (FF) removed.
Unused block "Memo/BU2/XST_GND" (ZERO) removed.
Unused block "Memo/GND" (ZERO) removed.
Unused block "Memo/VCC" (ONE) removed.

Optimized Block(s):
TYPE 		BLOCK
GND 		XST_GND
VCC 		XST_VCC

To enable printing of redundant blocks removed and signals merged, set the
detailed map report option and rerun map.

Section 6 - IOB Properties
--------------------------

+---------------------------------------------------------------------------------------------------------------------------------------------------------+
| IOB Name                           | Type             | Direction | IO Standard          | Diff  | Drive    | Slew | Reg (s)      | Resistor | IOB      |
|                                    |                  |           |                      | Term  | Strength | Rate |              |          | Delay    |
+---------------------------------------------------------------------------------------------------------------------------------------------------------+
| anode<0>                           | IOB              | OUTPUT    | LVCMOS25             |       | 12       | SLOW |              |          |          |
| anode<1>                           | IOB              | OUTPUT    | LVCMOS25             |       | 12       | SLOW |              |          |          |
| anode<2>                           | IOB              | OUTPUT    | LVCMOS25             |       | 12       | SLOW |              |          |          |
| anode<3>                           | IOB              | OUTPUT    | LVCMOS25             |       | 12       | SLOW |              |          |          |
| button<0>                          | IOB              | INPUT     | LVCMOS25             |       |          |      |              |          |          |
| button<1>                          | IOB              | INPUT     | LVCMOS25             |       |          |      |              |          |          |
| button<2>                          | IOB              | INPUT     | LVCMOS25             |       |          |      |              |          |          |
| button<3>                          | IOB              | INPUT     | LVCMOS25             |       |          |      |              |          |          |
| iclk                               | IOB              | INPUT     | LVCMOS25             |       |          |      |              |          |          |
| led0                               | IOB              | OUTPUT    | LVCMOS25             |       | 12       | SLOW |              |          |          |
| led1                               | IOB              | OUTPUT    | LVCMOS25             |       | 12       | SLOW |              |          |          |
| led2                               | IOB              | OUTPUT    | LVCMOS25             |       | 12       | SLOW |              |          |          |
| led3                               | IOB              | OUTPUT    | LVCMOS25             |       | 12       | SLOW |              |          |          |
| led4                               | IOB              | OUTPUT    | LVCMOS25             |       | 12       | SLOW |              |          |          |
| led6                               | IOB              | OUTPUT    | LVCMOS25             |       | 12       | SLOW |              |          |          |
| led7                               | IOB              | OUTPUT    | LVCMOS25             |       | 12       | SLOW |              |          |          |
| segment<0>                         | IOB              | OUTPUT    | LVCMOS25             |       | 12       | SLOW |              |          |          |
| segment<1>                         | IOB              | OUTPUT    | LVCMOS25             |       | 12       | SLOW |              |          |          |
| segment<2>                         | IOB              | OUTPUT    | LVCMOS25             |       | 12       | SLOW |              |          |          |
| segment<3>                         | IOB              | OUTPUT    | LVCMOS25             |       | 12       | SLOW |              |          |          |
| segment<4>                         | IOB              | OUTPUT    | LVCMOS25             |       | 12       | SLOW |              |          |          |
| segment<5>                         | IOB              | OUTPUT    | LVCMOS25             |       | 12       | SLOW |              |          |          |
| segment<6>                         | IOB              | OUTPUT    | LVCMOS25             |       | 12       | SLOW |              |          |          |
| segment<7>                         | IOB              | OUTPUT    | LVCMOS25             |       | 12       | SLOW |              |          |          |
| switch<0>                          | IOB              | INPUT     | LVCMOS25             |       |          |      |              |          |          |
| switch<1>                          | IOB              | INPUT     | LVCMOS25             |       |          |      |              |          |          |
| switch<2>                          | IOB              | INPUT     | LVCMOS25             |       |          |      |              |          |          |
| switch<3>                          | IOB              | INPUT     | LVCMOS25             |       |          |      |              |          |          |
| switch<4>                          | IOB              | INPUT     | LVCMOS25             |       |          |      |              |          |          |
| switch<5>                          | IOB              | INPUT     | LVCMOS25             |       |          |      |              |          |          |
| switch<6>                          | IOB              | INPUT     | LVCMOS25             |       |          |      |              |          |          |
| switch<7>                          | IOB              | INPUT     | LVCMOS25             |       |          |      |              |          |          |
+---------------------------------------------------------------------------------------------------------------------------------------------------------+

Section 7 - RPMs
----------------

Section 8 - Guide Report
------------------------
Guide not run on this design.

Section 9 - Area Group and Partition Summary
--------------------------------------------

Partition Implementation Status
-------------------------------

  No Partitions were found in this design.

-------------------------------

Area Group Information
----------------------

  No area groups were found in this design.

----------------------

Section 10 - Timing Report
--------------------------
This design was not run using timing mode.

Section 11 - Configuration String Details
-----------------------------------------
Use the "-detail" map option to print out Configuration Strings

Section 12 - Control Set Information
------------------------------------
No control set information for this architecture.

Section 13 - Utilization by Hierarchy
-------------------------------------
Use the "-detail" map option to print out the Utilization by Hierarchy section.
